  Building 'KMDF Driver3' with toolset 'WindowsKernelModeDriver10.0' and the 'Universal' target platform.
  Stamping x64\Debug\KMDFDriver3.inf
  Stamping [Version] section with DriverVer=08/29/2025,13.49.46.219
  main.c
  KMDF Driver3.vcxproj -> C:\Users\tlesk\source\repos\KMDF Driver3\x64\Debug\KMDFDriver3.sys
  Done Adding Additional Store
  Successfully signed: C:\Users\tlesk\source\repos\KMDF Driver3\x64\Debug\KMDFDriver3.sys
  
  Driver is 'Universal'.
  ........................
  Signability test complete.
  
  Errors:
  None
  
  Warnings:
  None
  
  Catalog generation complete.
  C:\Users\tlesk\source\repos\KMDF Driver3\x64\Debug\KMDF Driver3\kmdfdriver3.cat
  Set catalog attribute.
  WdkVersion: 10.0.26100.0
  Set catalog attribute.
  WdkAssemblyVersion: 10.0.26100.4202
  Done Adding Additional Store
  Successfully signed: C:\Users\tlesk\source\repos\KMDF Driver3\x64\Debug\KMDF Driver3\kmdfdriver3.cat
  
